<?xml version="1.0" encoding="UTF-8"?>
<!-- Generated by org.testng.reporters.JUnitXMLReporter -->
<testsuite ignored="1" hostname="DESKTOP-MQHSLN6" failures="0" tests="1" name="Error Validations Test" time="13.734" errors="0" timestamp="2025-04-20T17:34:27 IST">
  <testcase classname="RiteshShadija.Tests.ErrorValidationsTest" name="loginErrorValidation" time="1.195"/>
  <testcase classname="RiteshShadija.Tests.ErrorValidationsTest" name="productErrorValidation" time="0.0">
    <ignored/>
  </testcase> <!-- productErrorValidation -->
</testsuite> <!-- Error Validations Test -->
