<?xml version="1.0" encoding="UTF-8"?>
<testng-results ignored="2" total="3" passed="1" failed="0" skipped="0">
  <reporter-output>
  </reporter-output>
  <suite started-at="2025-04-20T17:34:14 IST" name="Suite" finished-at="2025-04-20T17:34:27 IST" duration-ms="13734">
    <groups>
      <group name="ErrorHandling">
        <method signature="ErrorValidationsTest.loginErrorValidation()[pri:0, instance:RiteshShadija.Tests.ErrorValidationsTest@157853da]" name="loginErrorValidation" class="RiteshShadija.Tests.ErrorValidationsTest"/>
      </group> <!-- ErrorHandling -->
    </groups>
    <test started-at="2025-04-20T17:34:14 IST" name="Submit Order Test" finished-at="2025-04-20T17:34:14 IST" duration-ms="21">
    </test> <!-- Submit Order Test -->
    <test started-at="2025-04-20T17:34:14 IST" name="Error Validations Test" finished-at="2025-04-20T17:34:27 IST" duration-ms="13734">
      <class name="RiteshShadija.Tests.ErrorValidationsTest">
        <test-method is-config="true" signature="launchApplication()[pri:0, instance:RiteshShadija.Tests.ErrorValidationsTest@157853da]" started-at="2025-04-20T17:34:14 IST" name="launchApplication" finished-at="2025-04-20T17:34:25 IST" duration-ms="11317" status="PASS">
          <reporter-output>
          </reporter-output>
        </test-method> <!-- launchApplication -->
        <test-method signature="loginErrorValidation()[pri:0, instance:RiteshShadija.Tests.ErrorValidationsTest@157853da]" started-at="2025-04-20T17:34:25 IST" name="loginErrorValidation" finished-at="2025-04-20T17:34:26 IST" duration-ms="1195" status="PASS">
          <reporter-output>
          </reporter-output>
        </test-method> <!-- loginErrorValidation -->
        <test-method is-config="true" signature="tearDown()[pri:0, instance:RiteshShadija.Tests.ErrorValidationsTest@157853da]" started-at="2025-04-20T17:34:26 IST" name="tearDown" finished-at="2025-04-20T17:34:27 IST" duration-ms="1119" status="PASS">
          <reporter-output>
          </reporter-output>
        </test-method> <!-- tearDown -->
      </class> <!-- RiteshShadija.Tests.ErrorValidationsTest -->
    </test> <!-- Error Validations Test -->
  </suite> <!-- Suite -->
</testng-results>
